0.8584073464
16.0000000000
161058186469.2644741535
57346784481.0000000000
20993901608.0172111914
15350186610.5000000000
67987582327.0000000000
178045949595.3574382067
6489930192.1732443860
126104021705.1771604940
207128480919.5000000000
152620540400.0000000000
77383464489.5000000000
67414777197.7869213223
56879708533.5817981847
117154613807.0000000000
10310999508.5861346945
5325410106.0000000000
48296508174.7473889664
144435003443.5000000000
193628310633.0000000000
254721625929.0000000000
35726693358.0000000000
39765604366.4304488376
26529610915.4849865716
126410963830.4596794546
26317600932.0000000000
224670333882.0000000000
39908195306.2634298503
38604908829.7831155881
4073801140.5000000000
262567326270.0000000000
87434068523.3176229894
117838678804.0000000000
197738299584.5000000000
32390135186.3859610111
88664749990.5000000000
266116311948.4081555754
41661383704.5000000000
180786157857.5000000000
26732188368.1785247158
189296537954.6328849494
118253907297.1158159748
162658361452.5000000000
63685330569.0661509037
302708081179.8013316095
156712958750.0000000000
53326327718.4108602218
140758768118.7445442528
298554770257.5000000000
75194131560.0000000000
151007122611.0000000000
102155869581.2602348775
239138568816.0000000000
56255206356.4176600203
44322817140.5934007801
206459723561.5000000000
132233834829.0000000000
222221367132.3551305085
79094190782.0798600614
157387709479.8118759543
73960670972.7654253468
87739344700.0000000000
2819851533.0000000000
15984363350.6560165975
12220074906.0000000000
12315953623.3924316755
20992989601.0000000000
144474985791.1292859018
199576904572.5000000000
198031339148.0000000000
137240550420.0000000000
12847343440.0000000000
62665886400.0000000000
10856741864.7921042964
81468454210.0000000000
81679574446.5531029031
72004764350.7998961136
8458271810.4600877296
10595667067.3956052233
57662549924.0000000000
256930845574.7842497826
133701401184.5838938579
65482863946.5000000000
63611836226.4227136150
192731027775.0000000000
34156134379.0000000000
41042380565.0000000000
98303407628.9289533943
65829864738.6277219616
233786443884.0000000000
61425205478.0000000000
102461154855.0000000000
64233329882.5000000000
88368450600.0000000000
20990615523.0000000000
120629249317.5000000000
146374259656.6200559437
139410516368.3058727682
77088741159.0000000000
